[21Dec2024 00:00:18.747] [Server thread/INFO] [net.minecraft.server.dedicated.DedicatedServer/]: <Camilacapita> mai quieres cuarzo?
[21Dec2024 00:00:31.823] [Server thread/INFO] [net.minecraft.server.dedicated.DedicatedServer/]: <Camilacapita> yo me hice we
[21Dec2024 00:00:39.369] [Server thread/INFO] [net.minecraft.server.dedicated.DedicatedServer/]: <Camilacapita> me hice el primero y el 2
[21Dec2024 00:01:03.038] [Server thread/INFO] [net.minecraft.server.dedicated.DedicatedServer/]: <Camilacapita> ten weon te lo regalo weon de mrd
[21Dec2024 00:01:20.045] [Server thread/INFO] [net.minecraft.server.dedicated.DedicatedServer/]: [EroDragonEx: Set own game mode to Spectator Mode]
[21Dec2024 00:01:51.177] [Server thread/INFO] [net.minecraft.server.dedicated.DedicatedServer/]: [EroDragonEx: Set own game mode to Survival Mode]
[21Dec2024 00:01:53.277] [Server thread/INFO] [net.minecraft.server.dedicated.DedicatedServer/]: [EroDragonEx: Set own game mode to Spectator Mode]
[21Dec2024 00:02:00.148] [Server thread/INFO] [net.minecraft.server.dedicated.DedicatedServer/]: [EroDragonEx: Set own game mode to Survival Mode]
[21Dec2024 00:02:41.128] [Server thread/INFO] [net.minecraft.server.dedicated.DedicatedServer/]: [EroDragonEx: Set own game mode to Spectator Mode]
[21Dec2024 00:02:53.521] [Server thread/INFO] [net.minecraft.server.dedicated.DedicatedServer/]: [EroDragonEx: Set own game mode to Survival Mode]
[21Dec2024 00:02:55.074] [Server thread/INFO] [net.minecraft.server.dedicated.DedicatedServer/]: EroDragonEx fell while climbing
[21Dec2024 00:02:55.079] [Server thread/INFO] [com.tiviacz.travelersbackpack.TravelersBackpack/]: Created new backpack backup file for EroDragonEx with unique ID travelersbackpack.cake_21.12.2024-00.02.55.dat
[21Dec2024 00:02:55.079] [Server thread/INFO] [com.tiviacz.travelersbackpack.TravelersBackpack/]: There's no space for backpack. Dropping backpack item at X: -803 Y: 86.0625 Z: -620
[21Dec2024 00:02:55.321] [Server thread/INFO] [net.minecraft.server.dedicated.DedicatedServer/]: <Camilacapita> fran tienes 10 de oro?
[21Dec2024 00:08:33.116] [Server thread/INFO] [net.minecraft.server.dedicated.DedicatedServer/]: [EroDragonEx: Set own game mode to Creative Mode]
[21Dec2024 00:09:00.932] [Server thread/INFO] [net.minecraft.server.dedicated.DedicatedServer/]: [EroDragonEx: Set own game mode to Survival Mode]
[21Dec2024 00:12:06.340] [Server thread/INFO] [net.minecraft.server.dedicated.DedicatedServer/]: [EroDragonEx: Teleported Flancito0_ to EroDragonEx]
[21Dec2024 00:14:14.118] [Server thread/INFO] [net.minecraft.server.network.ServerGamePacketListenerImpl/]: Flancito0_ lost connection: Disconnected
[21Dec2024 00:14:14.118] [Server thread/INFO] [net.minecraft.server.dedicated.DedicatedServer/]: Flancito0_ left the game
[21Dec2024 00:14:18.178] [Server thread/INFO] [net.minecraft.server.dedicated.DedicatedServer/]: [EroDragonEx: Set own game mode to Spectator Mode]
[21Dec2024 00:14:23.190] [Server thread/INFO] [net.minecraft.server.dedicated.DedicatedServer/]: [EroDragonEx: Set own game mode to Survival Mode]
[21Dec2024 00:14:24.822] [Server thread/INFO] [net.minecraft.server.dedicated.DedicatedServer/]: EroDragonEx fell from a high place
[21Dec2024 00:14:24.826] [Server thread/INFO] [com.tiviacz.travelersbackpack.TravelersBackpack/]: Created new backpack backup file for EroDragonEx with unique ID travelersbackpack.cake_21.12.2024-00.14.24.dat
[21Dec2024 00:14:24.826] [Server thread/INFO] [com.tiviacz.travelersbackpack.TravelersBackpack/]: There's no space for backpack. Dropping backpack item at X: -802 Y: 86.0625 Z: -619
[21Dec2024 00:14:40.564] [Server thread/INFO] [net.minecraft.server.dedicated.DedicatedServer/]: <Camilacapita> ya tengo la mejora de netherite
[21Dec2024 00:14:58.345] [Server thread/INFO] [net.minecraft.server.dedicated.DedicatedServer/]: [EroDragonEx: Set own game mode to Spectator Mode]
[21Dec2024 00:15:00.276] [Server thread/INFO] [net.minecraft.server.dedicated.DedicatedServer/]: [EroDragonEx: Set own game mode to Survival Mode]
[21Dec2024 00:15:42.175] [Server thread/INFO] [net.minecraft.server.dedicated.DedicatedServer/]: EroDragonEx was pummeled by Camilacapita
[21Dec2024 00:15:42.180] [Server thread/INFO] [com.tiviacz.travelersbackpack.TravelersBackpack/]: Created new backpack backup file for EroDragonEx with unique ID travelersbackpack.cake_21.12.2024-00.15.42.dat
[21Dec2024 00:15:42.180] [Server thread/INFO] [com.tiviacz.travelersbackpack.TravelersBackpack/]: There's no space for backpack. Dropping backpack item at X: -800 Y: 81.0 Z: -628
[21Dec2024 00:15:45.030] [Server thread/INFO] [net.minecraft.server.dedicated.DedicatedServer/]: [EroDragonEx: Set own game mode to Spectator Mode]
[21Dec2024 00:15:47.276] [Server thread/INFO] [net.minecraft.server.dedicated.DedicatedServer/]: [EroDragonEx: Set own game mode to Survival Mode]
[21Dec2024 00:15:50.182] [Server thread/INFO] [net.minecraft.server.dedicated.DedicatedServer/]: <Camilacapita> damelo entero we
[21Dec2024 00:15:54.674] [Server thread/INFO] [net.minecraft.server.dedicated.DedicatedServer/]: EroDragonEx was pummeled by Camilacapita
[21Dec2024 00:15:57.572] [Server thread/INFO] [net.minecraft.server.dedicated.DedicatedServer/]: [EroDragonEx: Set own game mode to Spectator Mode]
[21Dec2024 00:15:59.420] [Server thread/INFO] [net.minecraft.server.dedicated.DedicatedServer/]: [EroDragonEx: Set own game mode to Survival Mode]
[21Dec2024 00:16:04.981] [Server thread/INFO] [net.minecraft.server.dedicated.DedicatedServer/]: <Camilacapita> xq agarraste cosas we
[21Dec2024 00:16:09.873] [Server thread/INFO] [net.minecraft.server.dedicated.DedicatedServer/]: [EroDragonEx: Set own game mode to Spectator Mode]
[21Dec2024 00:16:11.975] [Server thread/INFO] [net.minecraft.server.dedicated.DedicatedServer/]: [EroDragonEx: Set own game mode to Survival Mode]
[21Dec2024 00:16:26.419] [Server thread/INFO] [net.minecraft.server.dedicated.DedicatedServer/]: [EroDragonEx: Set own game mode to Spectator Mode]
[21Dec2024 00:16:29.788] [Server thread/INFO] [net.minecraft.server.dedicated.DedicatedServer/]: [EroDragonEx: Set own game mode to Survival Mode]
[21Dec2024 00:23:00.819] [Server thread/INFO] [net.minecraft.server.dedicated.DedicatedServer/]: EroDragonEx has made the advancement [Moss Off]
[21Dec2024 00:23:49.830] [Server thread/INFO] [net.minecraft.server.dedicated.DedicatedServer/]: <Camilacapita> leo transmitir tmb sirve?
[21Dec2024 00:24:07.430] [Server thread/INFO] [net.minecraft.server.dedicated.DedicatedServer/]: <Camilacapita> leo
[21Dec2024 00:24:15.988] [Server thread/INFO] [net.minecraft.server.dedicated.DedicatedServer/]: <Camilacapita> transmitir sirve?
[21Dec2024 00:24:45.272] [Server thread/INFO] [net.minecraft.server.dedicated.DedicatedServer/]: <Camilacapita> prueba tu leo q seme explota la pc
[21Dec2024 00:25:35.522] [Server thread/INFO] [net.minecraft.server.dedicated.DedicatedServer/]: <Camilacapita> ve si sirve pues leito
[21Dec2024 00:26:08.541] [Server thread/INFO] [net.minecraft.server.dedicated.DedicatedServer/]: [EroDragonEx: Set own game mode to Spectator Mode]
[21Dec2024 00:26:09.768] [Server thread/INFO] [net.minecraft.server.dedicated.DedicatedServer/]: <Camilacapita> leo ven y dame comida q tengo 2 varas de comida :c
[21Dec2024 00:26:10.773] [Server thread/INFO] [net.minecraft.server.dedicated.DedicatedServer/]: [EroDragonEx: Set own game mode to Survival Mode]
[21Dec2024 00:26:19.371] [Server thread/INFO] [net.minecraft.server.dedicated.DedicatedServer/]: [EroDragonEx: Teleported EroDragonEx to Camilacapita]
[21Dec2024 00:26:25.791] [Server thread/INFO] [net.minecraft.server.dedicated.DedicatedServer/]: [EroDragonEx: Set own game mode to Spectator Mode]
[21Dec2024 00:26:33.774] [Server thread/INFO] [net.minecraft.server.dedicated.DedicatedServer/]: [EroDragonEx: Set own game mode to Survival Mode]
[21Dec2024 00:26:40.840] [Server thread/INFO] [net.minecraft.server.dedicated.DedicatedServer/]: <Camilacapita> me envenene
[21Dec2024 00:26:46.924] [Server thread/INFO] [net.minecraft.server.dedicated.DedicatedServer/]: <Camilacapita> D:
[21Dec2024 00:27:02.575] [Server thread/INFO] [net.minecraft.server.dedicated.DedicatedServer/]: [EroDragonEx: Set own game mode to Spectator Mode]
[21Dec2024 00:27:07.626] [Server thread/INFO] [net.minecraft.server.dedicated.DedicatedServer/]: [EroDragonEx: Set own game mode to Survival Mode]
[21Dec2024 00:27:10.241] [Server thread/INFO] [net.minecraft.server.dedicated.DedicatedServer/]: <Camilacapita> ya matame :c
[21Dec2024 00:27:14.749] [Server thread/INFO] [net.minecraft.server.dedicated.DedicatedServer/]: Camilacapita died
[21Dec2024 00:27:14.781] [Server thread/INFO] [com.tiviacz.travelersbackpack.TravelersBackpack/]: Created new backpack backup file for Camilacapita with unique ID travelersbackpack.pumpkin_21.12.2024-00.27.14.dat
[21Dec2024 00:27:14.782] [Server thread/INFO] [com.tiviacz.travelersbackpack.TravelersBackpack/]: There's no space for backpack. Dropping backpack item at X: -981 Y: -2.0 Z: -633
[21Dec2024 00:27:14.811] [Server thread/INFO] [net.minecraft.server.dedicated.DedicatedServer/]: [EroDragonEx: Killed Camilacapita]
[21Dec2024 00:27:31.121] [Server thread/INFO] [net.minecraft.server.dedicated.DedicatedServer/]: <Camilacapita> -981 -2 -633
[21Dec2024 00:27:33.734] [Server thread/INFO] [net.minecraft.server.dedicated.DedicatedServer/]: <Camilacapita> :p
[21Dec2024 00:27:39.267] [Server thread/INFO] [net.minecraft.server.dedicated.DedicatedServer/]: [EroDragonEx: Teleported Camilacapita to -980.500000, -2.000000, -632.500000]
[21Dec2024 00:29:37.987] [Server thread/INFO] [net.minecraft.server.dedicated.DedicatedServer/]: <Camilacapita> creo q eran 15?
[21Dec2024 00:29:50.883] [Server thread/INFO] [net.minecraft.server.dedicated.DedicatedServer/]: <Camilacapita> deja checo
[21Dec2024 00:30:13.828] [Server thread/INFO] [net.minecraft.server.dedicated.DedicatedServer/]: [EroDragonEx: Set own game mode to Spectator Mode]
[21Dec2024 00:30:19.768] [Server thread/INFO] [net.minecraft.server.dedicated.DedicatedServer/]: [EroDragonEx: Set own game mode to Survival Mode]
[21Dec2024 00:31:37.022] [Server thread/INFO] [net.minecraft.server.dedicated.DedicatedServer/]: iiHo_shi was slain by Runner
[21Dec2024 00:31:37.030] [Server thread/INFO] [com.tiviacz.travelersbackpack.TravelersBackpack/]: Created new backpack backup file for iiHo_shi with unique ID travelersbackpack.cactus_21.12.2024-00.31.37.dat
[21Dec2024 00:31:37.030] [Server thread/INFO] [com.tiviacz.travelersbackpack.TravelersBackpack/]: There's no space for backpack. Dropping backpack item at X: -3743 Y: 15.0 Z: -872
[21Dec2024 00:32:09.268] [Server thread/INFO] [net.minecraft.server.dedicated.DedicatedServer/]: [EroDragonEx: Teleported iiHo_shi to -3742.500000, 15.000000, -871.500000]
[21Dec2024 00:32:14.311] [Server thread/INFO] [net.minecraft.server.dedicated.DedicatedServer/]: iiHo_shi was shot by Skeleton
[21Dec2024 00:32:18.667] [Server thread/INFO] [net.minecraft.server.dedicated.DedicatedServer/]: [EroDragonEx: Teleported iiHo_shi to -3742.500000, 15.000000, -871.500000]
[21Dec2024 00:32:48.317] [Server thread/INFO] [net.minecraft.server.dedicated.DedicatedServer/]: iiHo_shi was slain by Chainsaw
[21Dec2024 00:32:54.496] [Server thread/INFO] [net.minecraft.server.dedicated.DedicatedServer/]: [EroDragonEx: Teleported iiHo_shi to -3742.500000, 15.000000, -871.500000]
[21Dec2024 00:32:55.038] [Server thread/INFO] [net.minecraft.server.dedicated.DedicatedServer/]: iiHo_shi was slain by Chainsaw
[21Dec2024 00:33:08.613] [Server thread/INFO] [net.minecraft.server.dedicated.DedicatedServer/]: [EroDragonEx: Teleported iiHo_shi to -3742.500000, 15.000000, -871.500000]
[21Dec2024 00:34:19.442] [Server thread/INFO] [net.minecraft.server.dedicated.DedicatedServer/]: <Camilacapita> manda cord
[21Dec2024 00:34:26.723] [Server thread/INFO] [net.minecraft.server.dedicated.DedicatedServer/]: <Camilacapita> f
[21Dec2024 00:35:55.330] [Server thread/INFO] [net.minecraft.server.network.ServerLoginPacketListenerImpl/]: com.mojang.authlib.GameProfile@bcfd795[id=<null>,name=Tukisito,properties={},legacy=false] (/127.5.90.10:53643) lost connection: Disconnected
[21Dec2024 00:35:56.573] [Server thread/INFO] [net.minecraft.server.dedicated.DedicatedServer/]: <Camilacapita> ño
[21Dec2024 00:36:01.281] [Server thread/INFO] [net.minecraftforge.common.AdvancementLoadFix/]: Using new advancement loading for net.minecraft.server.PlayerAdvancements@36a5c35c
[21Dec2024 00:36:01.288] [Server thread/INFO] [net.minecraft.server.players.PlayerList/]: Tukisito[/127.5.90.10:43049] logged in with entity id 83542 at (-900.4158212489875, -42.0, -673.1307931934833)
[21Dec2024 00:36:01.293] [Server thread/INFO] [net.minecraft.server.dedicated.DedicatedServer/]: Tukisito joined the game
[21Dec2024 00:36:47.726] [Server thread/INFO] [net.minecraft.server.dedicated.DedicatedServer/]: [EroDragonEx: Set own game mode to Spectator Mode]
[21Dec2024 00:36:50.124] [Server thread/INFO] [net.minecraft.server.dedicated.DedicatedServer/]: [EroDragonEx: Set own game mode to Survival Mode]
[21Dec2024 00:36:51.732] [Server thread/INFO] [net.minecraft.server.dedicated.DedicatedServer/]: death.attack.injury
[21Dec2024 00:36:51.741] [Server thread/INFO] [com.tiviacz.travelersbackpack.TravelersBackpack/]: Created new backpack backup file for EroDragonEx with unique ID travelersbackpack.cake_21.12.2024-00.36.51.dat
[21Dec2024 00:36:51.742] [Server thread/INFO] [com.tiviacz.travelersbackpack.TravelersBackpack/]: There's no space for backpack. Dropping backpack item at X: -802 Y: 86.0625 Z: -620
[21Dec2024 00:37:40.125] [Server thread/INFO] [net.minecraft.server.network.ServerGamePacketListenerImpl/]: Tukisito lost connection: Disconnected
[21Dec2024 00:37:40.125] [Server thread/INFO] [net.minecraft.server.dedicated.DedicatedServer/]: Tukisito left the game
[21Dec2024 00:39:33.223] [Server thread/INFO] [net.minecraft.server.dedicated.DedicatedServer/]: iiHo_shi was slain by Runner
[21Dec2024 00:39:33.230] [Server thread/INFO] [com.tiviacz.travelersbackpack.TravelersBackpack/]: Created new backpack backup file for iiHo_shi with unique ID travelersbackpack.cactus_21.12.2024-00.39.33.dat
[21Dec2024 00:39:33.230] [Server thread/INFO] [com.tiviacz.travelersbackpack.TravelersBackpack/]: There's no space for backpack. Dropping backpack item at X: -3704 Y: 4.419999986886978 Z: -906
[21Dec2024 00:39:40.325] [Server thread/INFO] [net.minecraft.server.network.ServerGamePacketListenerImpl/]: Camilacapita lost connection: Timed out
[21Dec2024 00:39:40.325] [Server thread/INFO] [net.minecraft.server.dedicated.DedicatedServer/]: Camilacapita left the game
[21Dec2024 00:39:45.048] [Server thread/INFO] [net.minecraft.server.dedicated.DedicatedServer/]: [EroDragonEx: Teleported iiHo_shi to -3742.500000, 15.000000, -871.500000]
[21Dec2024 00:41:38.269] [Server thread/INFO] [net.minecraft.server.dedicated.DedicatedServer/]: [EroDragonEx: Set own game mode to Spectator Mode]
[21Dec2024 00:41:45.018] [Server thread/INFO] [net.minecraft.server.dedicated.DedicatedServer/]: [EroDragonEx: Set own game mode to Survival Mode]
[21Dec2024 00:43:24.835] [Server thread/INFO] [net.minecraft.server.dedicated.DedicatedServer/]: [EroDragonEx: Set own game mode to Spectator Mode]
[21Dec2024 00:43:27.113] [Server thread/INFO] [net.minecraft.server.dedicated.DedicatedServer/]: [EroDragonEx: Set own game mode to Survival Mode]
[21Dec2024 00:43:52.817] [Server thread/WARN] [net.minecraft.server.level.ServerPlayerGameMode/]: Mismatch in destroy block pos: BlockPos{x=-800, y=85, z=-625} BlockPos{x=-799, y=85, z=-625}
[21Dec2024 00:43:56.666] [Server thread/WARN] [net.minecraft.server.level.ServerPlayerGameMode/]: Mismatch in destroy block pos: BlockPos{x=-796, y=85, z=-627} BlockPos{x=-797, y=85, z=-627}
[21Dec2024 00:44:20.419] [Server thread/WARN] [net.minecraft.server.level.ServerPlayerGameMode/]: Mismatch in destroy block pos: BlockPos{x=-797, y=85, z=-615} BlockPos{x=-798, y=85, z=-615}
[21Dec2024 00:52:13.867] [Server thread/INFO] [net.minecraft.server.dedicated.DedicatedServer/]: [EroDragonEx: Set own game mode to Spectator Mode]
[21Dec2024 00:52:15.921] [Server thread/INFO] [net.minecraft.server.dedicated.DedicatedServer/]: [EroDragonEx: Set own game mode to Survival Mode]
[21Dec2024 00:53:53.470] [Server thread/INFO] [net.minecraft.server.dedicated.DedicatedServer/]: [EroDragonEx: Set own game mode to Spectator Mode]
[21Dec2024 00:53:55.369] [Server thread/INFO] [net.minecraft.server.dedicated.DedicatedServer/]: [EroDragonEx: Set own game mode to Survival Mode]
[21Dec2024 00:54:08.545] [Server thread/INFO] [net.minecraft.server.dedicated.DedicatedServer/]: [EroDragonEx: Set own game mode to Spectator Mode]
[21Dec2024 00:54:40.861] [Server thread/INFO] [net.minecraft.server.dedicated.DedicatedServer/]: [EroDragonEx: Set own game mode to Survival Mode]
[21Dec2024 00:54:46.519] [Server thread/INFO] [net.minecraft.server.dedicated.DedicatedServer/]: [EroDragonEx: Set own game mode to Creative Mode]
[21Dec2024 00:55:17.219] [Server thread/INFO] [net.minecraft.server.dedicated.DedicatedServer/]: [EroDragonEx: Set own game mode to Survival Mode]
[21Dec2024 00:55:37.165] [Server thread/INFO] [net.minecraft.server.dedicated.DedicatedServer/]: [EroDragonEx: Set own game mode to Spectator Mode]
[21Dec2024 00:55:51.897] [Server thread/INFO] [net.minecraft.server.dedicated.DedicatedServer/]: [EroDragonEx: Set own game mode to Survival Mode]
[21Dec2024 00:57:06.679] [Server thread/INFO] [net.minecraftforge.common.AdvancementLoadFix/]: Using new advancement loading for net.minecraft.server.PlayerAdvancements@112b515a
[21Dec2024 00:57:06.686] [Server thread/INFO] [net.minecraft.server.players.PlayerList/]: Camilacapita[/127.233.156.68:53229] logged in with entity id 94173 at (-996.6999999880791, -13.0, -627.6947083841069)
[21Dec2024 00:57:06.691] [Server thread/INFO] [net.minecraft.server.dedicated.DedicatedServer/]: Camilacapita joined the game
[21Dec2024 00:57:34.573] [Server thread/INFO] [net.minecraft.server.dedicated.DedicatedServer/]: [EroDragonEx: Teleported EroDragonEx to iiHo_shi]
[21Dec2024 00:58:06.417] [Server thread/INFO] [net.minecraft.server.dedicated.DedicatedServer/]: EroDragonEx was slain by Chainsaw
[21Dec2024 00:58:06.422] [Server thread/INFO] [com.tiviacz.travelersbackpack.TravelersBackpack/]: Created new backpack backup file for EroDragonEx with unique ID travelersbackpack.cake_21.12.2024-00.58.06.dat
[21Dec2024 00:58:06.422] [Server thread/INFO] [com.tiviacz.travelersbackpack.TravelersBackpack/]: There's no space for backpack. Dropping backpack item at X: -3676 Y: -51.58000001311302 Z: -913
[21Dec2024 00:58:16.771] [Server thread/INFO] [net.minecraft.server.dedicated.DedicatedServer/]: <Camilacapita> leo tp base
[21Dec2024 00:58:18.729] [Server thread/INFO] [net.minecraft.server.dedicated.DedicatedServer/]: <Camilacapita> unu
[21Dec2024 00:58:19.520] [Server thread/INFO] [net.minecraft.server.dedicated.DedicatedServer/]: [EroDragonEx: Set own game mode to Spectator Mode]
[21Dec2024 00:58:30.341] [Server thread/INFO] [net.minecraft.server.dedicated.DedicatedServer/]: [EroDragonEx: Set own game mode to Survival Mode]
[21Dec2024 00:58:37.497] [Server thread/INFO] [net.minecraft.server.dedicated.DedicatedServer/]: [EroDragonEx: Set own game mode to Spectator Mode]
[21Dec2024 00:58:44.195] [Server thread/INFO] [net.minecraft.server.dedicated.DedicatedServer/]: [EroDragonEx: Set own game mode to Survival Mode]
[21Dec2024 00:59:29.062] [Server thread/INFO] [net.minecraft.server.dedicated.DedicatedServer/]: iiHo_shi was slain by Spider
[21Dec2024 00:59:29.067] [Server thread/INFO] [com.tiviacz.travelersbackpack.TravelersBackpack/]: Created new backpack backup file for iiHo_shi with unique ID travelersbackpack.cactus_21.12.2024-00.59.29.dat
[21Dec2024 00:59:29.067] [Server thread/INFO] [com.tiviacz.travelersbackpack.TravelersBackpack/]: There's no space for backpack. Dropping backpack item at X: -3721 Y: -43.0 Z: -933
[21Dec2024 00:59:40.573] [Server thread/INFO] [net.minecraft.server.dedicated.DedicatedServer/]: <Camilacapita> hasme tp a mai
[21Dec2024 00:59:42.813] [Server thread/INFO] [net.minecraft.server.dedicated.DedicatedServer/]: EroDragonEx was slain by Chainsaw
[21Dec2024 00:59:50.075] [Server thread/INFO] [net.minecraft.server.dedicated.DedicatedServer/]: <Camilacapita> xd
[21Dec2024 00:59:52.545] [Server thread/INFO] [net.minecraft.server.dedicated.DedicatedServer/]: [EroDragonEx: Set own game mode to Spectator Mode]
[21Dec2024 00:59:57.975] [Server thread/INFO] [net.minecraft.server.dedicated.DedicatedServer/]: [EroDragonEx: Teleported 3 entities to EroDragonEx]
[21Dec2024 00:59:59.065] [Server thread/INFO] [net.minecraft.server.dedicated.DedicatedServer/]: [EroDragonEx: Set own game mode to Survival Mode]
[21Dec2024 01:02:26.713] [Server thread/INFO] [net.minecraft.server.dedicated.DedicatedServer/]: EroDragonEx was slain by Infected Military
[21Dec2024 01:02:28.977] [Server thread/INFO] [net.minecraft.server.dedicated.DedicatedServer/]: <Camilacapita> ese me abusa
[21Dec2024 01:02:32.817] [Server thread/INFO] [net.minecraft.server.dedicated.DedicatedServer/]: EroDragonEx was slain by Infected Military
[21Dec2024 01:02:40.862] [Server thread/INFO] [net.minecraft.server.dedicated.DedicatedServer/]: [EroDragonEx: Set own game mode to Spectator Mode]
[21Dec2024 01:02:47.510] [Server thread/INFO] [net.minecraft.server.dedicated.DedicatedServer/]: [EroDragonEx: Set own game mode to Survival Mode]
[21Dec2024 01:03:11.563] [Server thread/INFO] [net.minecraft.server.dedicated.DedicatedServer/]: EroDragonEx was slain by Assasin Black Ops
[21Dec2024 01:03:19.913] [Server thread/INFO] [net.minecraft.server.dedicated.DedicatedServer/]: EroDragonEx was shot by Skeleton
[21Dec2024 01:03:25.644] [Server thread/INFO] [net.minecraft.server.dedicated.DedicatedServer/]: [EroDragonEx: Set own game mode to Spectator Mode]
[21Dec2024 01:03:30.115] [Server thread/INFO] [net.minecraft.server.dedicated.DedicatedServer/]: [EroDragonEx: Set own game mode to Survival Mode]
[21Dec2024 01:04:33.412] [Server thread/INFO] [net.minecraft.server.dedicated.DedicatedServer/]: EroDragonEx was slain by Runner
[21Dec2024 01:05:22.463] [Server thread/INFO] [net.minecraft.server.dedicated.DedicatedServer/]: EroDragonEx was slain by Infected Military
[21Dec2024 01:05:44.963] [Server thread/INFO] [net.minecraft.server.dedicated.DedicatedServer/]: [EroDragonEx: Set own game mode to Spectator Mode]
[21Dec2024 01:05:48.463] [Server thread/INFO] [net.minecraft.server.dedicated.DedicatedServer/]: [EroDragonEx: Set own game mode to Survival Mode]
[21Dec2024 01:06:01.014] [Server thread/INFO] [net.minecraft.server.dedicated.DedicatedServer/]: EroDragonEx hit the ground too hard whilst trying to escape Creeper
[21Dec2024 01:06:22.312] [Server thread/INFO] [net.minecraft.server.dedicated.DedicatedServer/]: <Camilacapita> quero ir ala base xd
[21Dec2024 01:06:31.265] [Server thread/INFO] [net.minecraft.server.dedicated.DedicatedServer/]: EroDragonEx was slain by Infected Military
[21Dec2024 01:06:37.767] [Server thread/INFO] [net.minecraft.server.dedicated.DedicatedServer/]: [EroDragonEx: Teleported Camilacapita to EroDragonEx]
[21Dec2024 01:06:39.318] [Server thread/INFO] [net.minecraft.server.dedicated.DedicatedServer/]: [EroDragonEx: Set own game mode to Spectator Mode]
[21Dec2024 01:06:42.476] [Server thread/INFO] [net.minecraft.server.dedicated.DedicatedServer/]: [EroDragonEx: Teleported Camilacapita to EroDragonEx]
[21Dec2024 01:06:46.367] [Server thread/INFO] [net.minecraft.server.dedicated.DedicatedServer/]: [EroDragonEx: Set own game mode to Survival Mode]
[21Dec2024 01:07:07.513] [Server thread/INFO] [net.minecraft.server.dedicated.DedicatedServer/]: EroDragonEx was slain by Chainsaw
[21Dec2024 01:07:14.818] [Server thread/INFO] [net.minecraft.server.dedicated.DedicatedServer/]: EroDragonEx was shot by Skeleton
[21Dec2024 01:07:20.268] [Server thread/INFO] [net.minecraft.server.dedicated.DedicatedServer/]: EroDragonEx was shot by Skeleton
[21Dec2024 01:07:33.171] [Server thread/INFO] [net.minecraft.server.dedicated.DedicatedServer/]: [EroDragonEx: Set own game mode to Spectator Mode]
[21Dec2024 01:07:37.112] [Server thread/INFO] [net.minecraft.server.dedicated.DedicatedServer/]: iiHo_shi was slain by Chainsaw
[21Dec2024 01:07:37.118] [Server thread/INFO] [com.tiviacz.travelersbackpack.TravelersBackpack/]: Created new backpack backup file for iiHo_shi with unique ID travelersbackpack.cactus_21.12.2024-01.07.37.dat
[21Dec2024 01:07:37.119] [Server thread/INFO] [com.tiviacz.travelersbackpack.TravelersBackpack/]: There's no space for backpack. Dropping backpack item at X: -3710 Y: -53.126661018527365 Z: -900
[21Dec2024 01:07:45.217] [Server thread/INFO] [net.minecraft.server.dedicated.DedicatedServer/]: [EroDragonEx: Teleported iiHo_shi to EroDragonEx]
[21Dec2024 01:07:49.115] [Server thread/INFO] [net.minecraft.server.dedicated.DedicatedServer/]: [EroDragonEx: Set own game mode to Survival Mode]
[21Dec2024 01:08:00.863] [Server thread/INFO] [net.minecraft.server.dedicated.DedicatedServer/]: iiHo_shi was slain by Boomer
[21Dec2024 01:08:07.261] [Server thread/INFO] [net.minecraft.server.dedicated.DedicatedServer/]: EroDragonEx was slain by Night Hunter
[21Dec2024 01:08:18.201] [Server thread/INFO] [net.minecraft.server.dedicated.DedicatedServer/]: [EroDragonEx: Teleported iiHo_shi to EroDragonEx]
[21Dec2024 01:08:24.669] [Server thread/INFO] [net.minecraft.server.dedicated.DedicatedServer/]: [EroDragonEx: Set own game mode to Spectator Mode]
[21Dec2024 01:08:36.725] [Server thread/INFO] [net.minecraft.server.dedicated.DedicatedServer/]: [EroDragonEx: Set own game mode to Survival Mode]
[21Dec2024 01:08:39.411] [Server thread/INFO] [net.minecraft.server.dedicated.DedicatedServer/]: iiHo_shi was slain by Chainsaw
[21Dec2024 01:08:48.271] [Server thread/INFO] [net.minecraft.server.dedicated.DedicatedServer/]: [EroDragonEx: Set own game mode to Spectator Mode]
[21Dec2024 01:08:49.913] [Server thread/INFO] [net.minecraft.server.dedicated.DedicatedServer/]: [EroDragonEx: Set own game mode to Survival Mode]
[21Dec2024 01:08:51.367] [Server thread/INFO] [net.minecraft.server.dedicated.DedicatedServer/]: [EroDragonEx: Teleported iiHo_shi to EroDragonEx]
[21Dec2024 01:09:10.181] [Server thread/INFO] [net.minecraftforge.common.AdvancementLoadFix/]: Using new advancement loading for net.minecraft.server.PlayerAdvancements@2d6a04f0
[21Dec2024 01:09:10.193] [Server thread/INFO] [net.minecraft.server.players.PlayerList/]: Uzumaki0502[/127.58.111.88:33915] logged in with entity id 101258 at (-2312.3028539090083, 63.0, 1822.3730366434165)
[21Dec2024 01:09:10.198] [Server thread/INFO] [net.minecraft.server.dedicated.DedicatedServer/]: Uzumaki0502 joined the game
[21Dec2024 01:09:24.680] [Server thread/INFO] [net.minecraft.server.dedicated.DedicatedServer/]: EroDragonEx was slain by Night Hunter
[21Dec2024 01:09:31.632] [Server thread/INFO] [net.minecraft.server.dedicated.DedicatedServer/]: [EroDragonEx: Set own game mode to Spectator Mode]
[21Dec2024 01:09:33.430] [Server thread/INFO] [net.minecraft.server.network.ServerGamePacketListenerImpl/]: Uzumaki0502 lost connection: Disconnected
[21Dec2024 01:09:33.430] [Server thread/INFO] [net.minecraft.server.dedicated.DedicatedServer/]: Uzumaki0502 left the game
[21Dec2024 01:09:35.266] [Server thread/INFO] [net.minecraft.server.dedicated.DedicatedServer/]: iiHo_shi was slain by Runner
[21Dec2024 01:10:14.761] [Server thread/INFO] [net.minecraft.server.dedicated.DedicatedServer/]: [EroDragonEx: Teleported iiHo_shi to EroDragonEx]
[21Dec2024 01:10:39.467] [Server thread/INFO] [net.minecraft.server.dedicated.DedicatedServer/]: [EroDragonEx: Set own game mode to Survival Mode]
[21Dec2024 01:10:59.271] [Server thread/INFO] [net.minecraft.server.dedicated.DedicatedServer/]: [EroDragonEx: Successfully restored iiHo_shi's items]
[21Dec2024 01:11:14.847] [Server thread/INFO] [net.minecraft.server.dedicated.DedicatedServer/]: [EroDragonEx: Set own game mode to Spectator Mode]
[21Dec2024 01:11:42.520] [Server thread/INFO] [net.minecraft.server.dedicated.DedicatedServer/]: [EroDragonEx: Set own game mode to Survival Mode]
